timestamp: 2010-04-13T15:13:21.150072
CREATE TABLE auth_user(
    id INTEGER PRIMARY KEY AUTOINCREMENT,
    first_name CHAR(128),
    last_name CHAR(128),
    email CHAR(512),
    password CHAR(512),
    registration_key CHAR(512),
    reset_password_key CHAR(512)
);
success!
timestamp: 2010-04-13T15:13:21.154675
CREATE TABLE auth_group(
    id INTEGER PRIMARY KEY AUTOINCREMENT,
    role CHAR(512),
    description TEXT
);
success!
timestamp: 2010-04-13T15:13:21.158565
CREATE TABLE auth_membership(
    id INTEGER PRIMARY KEY AUTOINCREMENT,
    user_id REFERENCES auth_user(id) ON DELETE CASCADE,
    group_id REFERENCES auth_group(id) ON DELETE CASCADE
);
success!
timestamp: 2010-04-13T15:13:21.162919
CREATE TABLE auth_permission(
    id INTEGER PRIMARY KEY AUTOINCREMENT,
    group_id REFERENCES auth_group(id) ON DELETE CASCADE,
    name CHAR(512),
    table_name CHAR(512),
    record_id INTEGER
);
success!
timestamp: 2010-04-13T15:13:21.166644
CREATE TABLE auth_event(
    id INTEGER PRIMARY KEY AUTOINCREMENT,
    time_stamp TIMESTAMP,
    client_ip CHAR(512),
    user_id REFERENCES auth_user(id) ON DELETE CASCADE,
    origin CHAR(512),
    description TEXT
);
success!
timestamp: 2012-07-11T23:46:22.102006
ALTER TABLE auth_user ADD registration_id CHAR(512);
timestamp: 2012-07-11T23:46:22.294485
CREATE TABLE auth_cas(
    id INTEGER PRIMARY KEY AUTOINCREMENT,
    user_id INTEGER REFERENCES auth_user(id) ON DELETE CASCADE,
    created_on TIMESTAMP,
    service CHAR(512),
    ticket CHAR(512),
    renew CHAR(1)
);
success!
timestamp: 2012-07-12T00:25:34.656686
CREATE TABLE users(
    id INTEGER PRIMARY KEY AUTOINCREMENT,
    Name CHAR(512),
    DOB DATE,
    Email CHAR(512),
    Username CHAR(512),
    Password CHAR(512)
);
success!
timestamp: 2012-07-12T00:28:27.829698
CREATE TABLE user_settings(
    id INTEGER PRIMARY KEY AUTOINCREMENT,
    user_id INTEGER REFERENCES users(id) ON DELETE CASCADE,
    booking_notification CHAR(512),
    offers_notificationstring CHAR(512),
    sms_notification CHAR(512),
    news_letters CHAR(512)
);
success!
timestamp: 2012-07-12T19:29:52.996608
ALTER TABLE user_settings ADD offers_notification CHAR(1);
